<?xml version="1.0" encoding="UTF-8"?>
<!-- Generated by org.testng.reporters.JUnitReportReporter -->
<testsuite skipped="0" hostname="DESKTOP-C6RI43K" name="utils.SampleReporter" tests="1" failures="0" timestamp="14 Jan 2020 16:55:26 GMT" time="0.313" errors="0">
  <testcase name="sampleReport" time="0.313" classname="utils.SampleReporter"/>
</testsuite> <!-- utils.SampleReporter -->
